
2012-01-23 14:01:10 [DEBUG] Array
(
    [query] => <query distinct="0" top="0">
         <tables>
            <table>person</table>
         </tables>
         <fields>
            <field sortorder="asc" sortindex="1">name</field>
            <field>idperson</field>
            <field>firstname</field>
            <field>familyname</field>
            <field>company</field>
            <field>ended</field>
            <field>position</field>
            <field>email</field>
            <field>cellphone</field>
            <field>authorizedarc</field>
            <field>authorizedportal</field>
            <field>admninrights</field>
         </fields>
         <conditions>
            <condition operator="=">
              <exp type="field">idperson</exp>
              <exp type="numeric_">6819001</exp>
            </condition>
        </conditions>
		  </query>
)

2012-01-23 14:01:51 [DEBUG] Array
(
    [query] => <query distinct="0" top="0">
         <tables>
            <table>person</table>
         </tables>
         <fields>
            <field sortorder="asc" sortindex="1">name</field>
            <field>idperson</field>
            <field>firstname</field>
            <field>familyname</field>
            <field>company</field>
            <field>ended</field>
            <field>position</field>
            <field>email</field>
            <field>cellphone</field>
            <field>authorizedarc</field>
            <field>authorizedportal</field>
            <field>admninrights</field>
         </fields>
         <conditions>
            <condition operator="=">
              <exp type="field">idperson</exp>
              <exp type="numeric_">6819001</exp>
            </condition>
        </conditions>
		  </query>
)

2012-01-23 14:01:41 [DEBUG] Array
(
    [query] => <query distinct="0" top="0">
         <tables>
            <table>person</table>
         </tables>
         <fields>
            <field sortorder="asc" sortindex="1">name</field>
            <field>idperson</field>
            <field>firstname</field>
            <field>familyname</field>
            <field>company</field>
            <field>ended</field>
            <field>position</field>
            <field>email</field>
            <field>cellphone</field>
            <field>authorizedarc</field>
            <field>authorizedportal</field>
            <field>admninrights</field>
         </fields>
         <conditions>
            <condition operator="=">
              <exp type="field">idperson</exp>
              <exp type="numeric_">6819001</exp>
            </condition>
        </conditions>
		  </query>
)

2012-01-23 14:01:45 [DEBUG] Array
(
    [query] => <query distinct="0" top="0">
         <tables>
            <table>personl</table>
         </tables>
         <fields>
            <field sortorder="asc" sortindex="1">name</field>
            <field>idperson</field>
            <field>firstname</field>
            <field>familyname</field>
            <field>company</field>
            <field>ended</field>
            <field>position</field>
            <field>email</field>
            <field>cellphone</field>
            <field>authorizedarc</field>
            <field>authorizedportal</field>
            <field>admninrights</field>
         </fields>
         <conditions>
            <condition operator="=">
              <exp type="field">idperson</exp>
              <exp type="numeric">6819001</exp>
            </condition>
        </conditions>
		  </query>
)

2012-01-23 14:01:47 [DEBUG] Array
(
    [query] => <query distinct="0" top="0">
         <tables>
            <table>personl</table>
         </tables>
         <fields>
            <field sortorder="asc" sortindex="1">name</field>
            <field>idperson</field>
            <field>firstname</field>
            <field>familyname</field>
            <field>company</field>
            <field>ended</field>
            <field>position</field>
            <field>email</field>
            <field>cellphone</field>
            <field>authorizedarc</field>
            <field>authorizedportal</field>
            <field>admninrights</field>
         </fields>
         <conditions>
            <condition operator="=">
              <exp type="field">idperson</exp>
              <exp type="numeric">6819001</exp>
            </condition>
        </conditions>
		  </query>
)

2012-01-23 14:01:47 [ERROR] Exception in getPerson()
2012-01-23 14:01:47 [ERROR] The event log file is full.

2012-01-23 15:01:14 [DEBUG] Array
(
    [query] => <query distinct="0" top="0">
         <tables>
            <table>personl</table>
         </tables>
         <fields>
            <field sortorder="asc" sortindex="1">name</field>
            <field>idperson</field>
            <field>firstname</field>
            <field>familyname</field>
            <field>company</field>
            <field>ended</field>
            <field>position</field>
            <field>email</field>
            <field>cellphone</field>
            <field>authorizedarc</field>
            <field>authorizedportal</field>
            <field>admninrights</field>
         </fields>
         <conditions>
            <condition operator="=">
              <exp type="field">idperson</exp>
              <exp type="numeric">6819001</exp>
            </condition>
        </conditions>
		  </query>
)

2012-01-23 15:01:14 [ERROR] Exception in getPerson()
2012-01-23 15:01:14 [ERROR] The event log file is full.

2012-01-23 15:01:09 [DEBUG] Array
(
    [query] => <query distinct="0" top="0">
         <tables>
            <table>person</table>
         </tables>
         <fields>
            <field sortorder="asc" sortindex="1">name</field>
            <field>idperson</field>
            <field>firstname</field>
            <field>familyname</field>
            <field>company</field>
            <field>ended</field>
            <field>position</field>
            <field>email</field>
            <field>cellphone</field>
            <field>authorizedarc</field>
            <field>authorizedportal</field>
            <field>admninrights</field>
         </fields>
         <conditions>
            <condition operator="=">
              <exp type="field">idperson</exp>
              <exp type="numeric">6819001</exp>
            </condition>
        </conditions>
		  </query>
)

2012-01-23 15:01:10 [INFO] <s:Envelope xmlns:s="http://schemas.xmlsoap.org/soap/envelope/"><s:Body><GetXmlQueryDataResponse xmlns="http://lundalogik.se/Tangelo/"><GetXmlQueryDataResult>&lt;?xml version="1.0" encoding="UTF-16" ?&gt;&lt;data&gt;&lt;person name="Kristian " idperson="6819001" firstname="Kristian" familyname="" company="6016001" company.descriptive="Reptilo AB CD Helsingborg" ended="0" position="" position.text="" email="kristian@erendi.se" cellphone="0707-080808" authorizedarc="0" authorizedportal="1" admninrights="1"/&gt;&lt;/data&gt;</GetXmlQueryDataResult></GetXmlQueryDataResponse></s:Body></s:Envelope>
2012-01-23 15:01:04 [DEBUG] Array
(
    [query] => <query distinct="0" top="0">
         <tables>
            <table>person</table>
         </tables>
         <fields>
            <field sortorder="asc" sortindex="1">name</field>
            <field>idperson</field>
            <field>firstname</field>
            <field>familyname</field>
            <field>company</field>
            <field>ended</field>
            <field>position</field>
            <field>email</field>
            <field>cellphone</field>
            <field>authorizedarc</field>
            <field>authorizedportal</field>
            <field>admninrights</field>
         </fields>
         <conditions>
            <condition operator="=">
              <exp type="field">idperson</exp>
              <exp type="numeric">6819001</exp>
            </condition>
        </conditions>
		  </query>
)

2012-01-23 15:01:04 [INFO] <s:Envelope xmlns:s="http://schemas.xmlsoap.org/soap/envelope/"><s:Body><GetXmlQueryDataResponse xmlns="http://lundalogik.se/Tangelo/"><GetXmlQueryDataResult>&lt;?xml version="1.0" encoding="UTF-16" ?&gt;&lt;data&gt;&lt;person name="Kristian " idperson="6819001" firstname="Kristian" familyname="" company="6016001" company.descriptive="Reptilo AB CD Helsingborg" ended="0" position="" position.text="" email="kristian@erendi.se" cellphone="0707-080808" authorizedarc="0" authorizedportal="1" admninrights="1"/&gt;&lt;/data&gt;</GetXmlQueryDataResult></GetXmlQueryDataResponse></s:Body></s:Envelope>
2012-01-23 15:01:23 [DEBUG] Array
(
    [query] => <query distinct="0" top="0">
         <tables>
            <table>person</table>
         </tables>
         <fields>
            <field sortorder="asc" sortindex="1">name</field>
            <field>idperson</field>
            <field>firstname</field>
            <field>familyname</field>
            <field>company</field>
            <field>ended</field>
            <field>position</field>
            <field>email</field>
            <field>cellphone</field>
            <field>authorizedarc</field>
            <field>authorizedportal</field>
            <field>admninrights</field>
         </fields>
         <conditions>
            <condition operator="=">
              <exp type="field">idperson</exp>
              <exp type="numeric">6819001</exp>
            </condition>
        </conditions>
		  </query>
)

2012-01-23 15:01:23 [INFO] <s:Envelope xmlns:s="http://schemas.xmlsoap.org/soap/envelope/"><s:Body><GetXmlQueryDataResponse xmlns="http://lundalogik.se/Tangelo/"><GetXmlQueryDataResult>&lt;?xml version="1.0" encoding="UTF-16" ?&gt;&lt;data&gt;&lt;person name="Kristian " idperson="6819001" firstname="Kristian" familyname="" company="6016001" company.descriptive="Reptilo AB CD Helsingborg" ended="0" position="" position.text="" email="kristian@erendi.se" cellphone="0707-080808" authorizedarc="0" authorizedportal="1" admninrights="1"/&gt;&lt;/data&gt;</GetXmlQueryDataResult></GetXmlQueryDataResponse></s:Body></s:Envelope>
2012-01-23 15:01:46 [DEBUG] Array
(
    [query] => <query distinct="0" top="0">
         <tables>
            <table>person</table>
         </tables>
         <fields>
            <field sortorder="asc" sortindex="1">name</field>
            <field>idperson</field>
            <field>firstname</field>
            <field>familyname</field>
            <field>company</field>
            <field>ended</field>
            <field>position</field>
            <field>email</field>
            <field>cellphone</field>
            <field>authorizedarc</field>
            <field>authorizedportal</field>
            <field>admninrights</field>
         </fields>
         <conditions>
            <condition operator="=">
              <exp type="field">idperson</exp>
              <exp type="numeric">6819001</exp>
            </condition>
        </conditions>
		  </query>
)

2012-01-23 15:01:47 [INFO] <s:Envelope xmlns:s="http://schemas.xmlsoap.org/soap/envelope/"><s:Body><GetXmlQueryDataResponse xmlns="http://lundalogik.se/Tangelo/"><GetXmlQueryDataResult>&lt;?xml version="1.0" encoding="UTF-16" ?&gt;&lt;data&gt;&lt;person name="Kristian " idperson="6819001" firstname="Kristian" familyname="" company="6016001" company.descriptive="Reptilo AB CD Helsingborg" ended="0" position="" position.text="" email="kristian@erendi.se" cellphone="0707-080808" authorizedarc="0" authorizedportal="1" admninrights="1"/&gt;&lt;/data&gt;</GetXmlQueryDataResult></GetXmlQueryDataResponse></s:Body></s:Envelope>
2012-01-24 08:01:01 [DEBUG] Array
(
    [query] => <query distinct="0" top="0">
         <tables>
            <table>person</table>
         </tables>
         <fields>
            <field sortorder="asc" sortindex="1">name</field>
            <field>idperson</field>
            <field>firstname</field>
            <field>familyname</field>
            <field>company</field>
            <field>ended</field>
            <field>position</field>
            <field>email</field>
            <field>cellphone</field>
            <field>authorizedarc</field>
            <field>authorizedportal</field>
            <field>admninrights</field>
         </fields>
         <conditions>
            <condition operator="=">
              <exp type="field">idperson</exp>
              <exp type="numeric">6819001</exp>
            </condition>
        </conditions>
		  </query>
)

2012-01-24 08:01:01 [INFO] <s:Envelope xmlns:s="http://schemas.xmlsoap.org/soap/envelope/"><s:Body><GetXmlQueryDataResponse xmlns="http://lundalogik.se/Tangelo/"><GetXmlQueryDataResult>&lt;?xml version="1.0" encoding="UTF-16" ?&gt;&lt;data&gt;&lt;person name="Kristian " idperson="6819001" firstname="Kristian" familyname="" company="6016001" company.descriptive="Reptilo AB CD Helsingborg" ended="0" position="" position.text="" email="kristian@erendi.se" cellphone="0707-080808" authorizedarc="0" authorizedportal="1" admninrights="1"/&gt;&lt;/data&gt;</GetXmlQueryDataResult></GetXmlQueryDataResponse></s:Body></s:Envelope>